<?xml version="1.0" encoding="UTF-8"?>
<testng-results ignored="0" total="1" passed="1" failed="0" skipped="0">
  <reporter-output>
    <line>
      <![CDATA[Successfully Launched Chrome Browser]]>
    </line>
    <line>
      <![CDATA[Browser window is maximized successfully]]>
    </line>
    <line>
      <![CDATA[Execution of the test [testSchoolLCMethod] started]]>
    </line>
    <line>
      <![CDATA[Administration Module is Selected!!]]>
    </line>
    <line>
      <![CDATA[SchoolLeavingCertificate Selected!!]]>
    </line>
    <line>
      <![CDATA[Searched for student and generated his LC!!]]>
    </line>
    <line>
      <![CDATA[Downloaded the SchoolLeavingCertificate!!]]>
    </line>
    <line>
      <![CDATA[It's a validate certificate!!]]>
    </line>
    <line>
      <![CDATA[Test [testSchoolLCMethod] passed]]>
    </line>
  </reporter-output>
  <suite started-at="2024-04-05T15:05:17 IST" name="Default suite" finished-at="2024-04-05T15:07:54 IST" duration-ms="157128">
    <groups>
    </groups>
    <test started-at="2024-04-05T15:05:17 IST" name="Default test" finished-at="2024-04-05T15:07:54 IST" duration-ms="157128">
      <class name="org.testSchoolManagementSystem.testSchoolLeavingCertificate">
        <test-method is-config="true" signature="browserSetup(java.lang.String)[pri:0, instance:org.testSchoolManagementSystem.testSchoolLeavingCertificate@7d0b7e3c]" started-at="2024-04-05T15:05:17 IST" name="browserSetup" finished-at="2024-04-05T15:05:22 IST" duration-ms="4938" status="PASS">
          <params>
            <param index="0">
              <value>
                <![CDATA[noValue]]>
              </value>
            </param>
          </params>
          <reporter-output>
            <line>
              <![CDATA[Successfully Launched Chrome Browser]]>
            </line>
            <line>
              <![CDATA[Browser window is maximized successfully]]>
            </line>
          </reporter-output>
        </test-method> <!-- browserSetup -->
        <test-method is-config="true" signature="loginToSchoolManagementSystem()[pri:0, instance:org.testSchoolManagementSystem.testSchoolLeavingCertificate@7d0b7e3c]" started-at="2024-04-05T15:05:22 IST" name="loginToSchoolManagementSystem" finished-at="2024-04-05T15:05:35 IST" duration-ms="13413" status="PASS">
          <reporter-output>
          </reporter-output>
        </test-method> <!-- loginToSchoolManagementSystem -->
        <test-method signature="testSchoolLCMethod()[pri:0, instance:org.testSchoolManagementSystem.testSchoolLeavingCertificate@7d0b7e3c]" started-at="2024-04-05T15:05:35 IST" name="testSchoolLCMethod" finished-at="2024-04-05T15:07:21 IST" duration-ms="106303" status="PASS">
          <reporter-output>
            <line>
              <![CDATA[Execution of the test [testSchoolLCMethod] started]]>
            </line>
            <line>
              <![CDATA[Administration Module is Selected!!]]>
            </line>
            <line>
              <![CDATA[SchoolLeavingCertificate Selected!!]]>
            </line>
            <line>
              <![CDATA[Searched for student and generated his LC!!]]>
            </line>
            <line>
              <![CDATA[Downloaded the SchoolLeavingCertificate!!]]>
            </line>
            <line>
              <![CDATA[It's a validate certificate!!]]>
            </line>
            <line>
              <![CDATA[Test [testSchoolLCMethod] passed]]>
            </line>
          </reporter-output>
        </test-method> <!-- testSchoolLCMethod -->
        <test-method is-config="true" signature="logoutFromSchoolManagementSystem()[pri:0, instance:org.testSchoolManagementSystem.testSchoolLeavingCertificate@7d0b7e3c]" started-at="2024-04-05T15:07:21 IST" name="logoutFromSchoolManagementSystem" finished-at="2024-04-05T15:07:54 IST" duration-ms="32400" status="PASS">
          <reporter-output>
          </reporter-output>
        </test-method> <!-- logoutFromSchoolManagementSystem -->
      </class> <!-- org.testSchoolManagementSystem.testSchoolLeavingCertificate -->
    </test> <!-- Default test -->
  </suite> <!-- Default suite -->
</testng-results>
