<?xml version="1.0" encoding="UTF-8"?>
<testng-results ignored="0" total="1" passed="0" failed="1" skipped="0">
  <reporter-output>
    <line>
      <![CDATA[Successfully Launched Chrome Browser]]>
    </line>
    <line>
      <![CDATA[Browser window is maximized successfully]]>
    </line>
    <line>
      <![CDATA[Execution of the test [testSchoolLCMethod] started]]>
    </line>
  </reporter-output>
  <suite started-at="2024-04-05T14:46:11 IST" name="Default suite" finished-at="2024-04-05T14:47:12 IST" duration-ms="60660">
    <groups>
    </groups>
    <test started-at="2024-04-05T14:46:11 IST" name="Default test" finished-at="2024-04-05T14:47:12 IST" duration-ms="60660">
      <class name="org.testSchoolManagementSystem.testSchoolLeavingCertificate">
        <test-method is-config="true" signature="browserSetup(java.lang.String)[pri:0, instance:org.testSchoolManagementSystem.testSchoolLeavingCertificate@7d0b7e3c]" started-at="2024-04-05T14:46:11 IST" name="browserSetup" finished-at="2024-04-05T14:46:14 IST" duration-ms="2100" status="PASS">
          <params>
            <param index="0">
              <value>
                <![CDATA[noValue]]>
              </value>
            </param>
          </params>
          <reporter-output>
            <line>
              <![CDATA[Successfully Launched Chrome Browser]]>
            </line>
            <line>
              <![CDATA[Browser window is maximized successfully]]>
            </line>
          </reporter-output>
        </test-method> <!-- browserSetup -->
        <test-method is-config="true" signature="loginToSchoolManagementSystem()[pri:0, instance:org.testSchoolManagementSystem.testSchoolLeavingCertificate@7d0b7e3c]" started-at="2024-04-05T14:46:14 IST" name="loginToSchoolManagementSystem" finished-at="2024-04-05T14:46:28 IST" duration-ms="14329" status="PASS">
          <reporter-output>
          </reporter-output>
        </test-method> <!-- loginToSchoolManagementSystem -->
        <test-method signature="testSchoolLCMethod()[pri:0, instance:org.testSchoolManagementSystem.testSchoolLeavingCertificate@7d0b7e3c]" started-at="2024-04-05T14:46:28 IST" name="testSchoolLCMethod" finished-at="2024-04-05T14:46:40 IST" duration-ms="11805" status="FAIL">
          <exception class="java.lang.AssertionError">
            <message>
              <![CDATA[expected [false] but found [true]]]>
            </message>
            <full-stacktrace>
              <![CDATA[java.lang.AssertionError: expected [false] but found [true]
at org.testng.Assert.fail(Assert.java:111)
at org.testng.Assert.failNotEquals(Assert.java:1578)
at org.testng.Assert.assertEqualsImpl(Assert.java:150)
at org.testng.Assert.assertEquals(Assert.java:132)
at org.testng.Assert.assertEquals(Assert.java:1067)
at org.testng.Assert.assertEquals(Assert.java:1031)
at org.testng.Assert.assertEquals(Assert.java:1077)
at org.testSchoolManagementSystem.testSchoolLeavingCertificate.testSchoolLCMethod(testSchoolLeavingCertificate.java:22)
at java.base/jdk.internal.reflect.NativeMethodAccessorImpl.invoke0(Native Method)
at java.base/jdk.internal.reflect.NativeMethodAccessorImpl.invoke(NativeMethodAccessorImpl.java:77)
at java.base/jdk.internal.reflect.DelegatingMethodAccessorImpl.invoke(DelegatingMethodAccessorImpl.java:43)
at java.base/java.lang.reflect.Method.invoke(Method.java:568)
at org.testng.internal.invokers.MethodInvocationHelper.invokeMethod(MethodInvocationHelper.java:139)
at org.testng.internal.invokers.TestInvoker.invokeMethod(TestInvoker.java:664)
at org.testng.internal.invokers.TestInvoker.invokeTestMethod(TestInvoker.java:227)
at org.testng.internal.invokers.MethodRunner.runInSequence(MethodRunner.java:50)
at org.testng.internal.invokers.TestInvoker$MethodInvocationAgent.invoke(TestInvoker.java:957)
at org.testng.internal.invokers.TestInvoker.invokeTestMethods(TestInvoker.java:200)
at org.testng.internal.invokers.TestMethodWorker.invokeTestMethods(TestMethodWorker.java:148)
at org.testng.internal.invokers.TestMethodWorker.run(TestMethodWorker.java:128)
at java.base/java.util.ArrayList.forEach(ArrayList.java:1511)
at org.testng.TestRunner.privateRun(TestRunner.java:848)
at org.testng.TestRunner.run(TestRunner.java:621)
at org.testng.SuiteRunner.runTest(SuiteRunner.java:443)
at org.testng.SuiteRunner.runSequentially(SuiteRunner.java:437)
at org.testng.SuiteRunner.privateRun(SuiteRunner.java:397)
at org.testng.SuiteRunner.run(SuiteRunner.java:336)
at org.testng.SuiteRunnerWorker.runSuite(SuiteRunnerWorker.java:52)
at org.testng.SuiteRunnerWorker.run(SuiteRunnerWorker.java:95)
at org.testng.TestNG.runSuitesSequentially(TestNG.java:1280)
at org.testng.TestNG.runSuitesLocally(TestNG.java:1200)
at org.testng.TestNG.runSuites(TestNG.java:1114)
at org.testng.TestNG.run(TestNG.java:1082)
at org.testng.remote.AbstractRemoteTestNG.run(AbstractRemoteTestNG.java:115)
at org.testng.remote.RemoteTestNG.initAndRun(RemoteTestNG.java:251)
at org.testng.remote.RemoteTestNG.main(RemoteTestNG.java:77)
]]>
            </full-stacktrace>
          </exception> <!-- java.lang.AssertionError -->
          <reporter-output>
            <line>
              <![CDATA[Execution of the test [testSchoolLCMethod] started]]>
            </line>
          </reporter-output>
        </test-method> <!-- testSchoolLCMethod -->
        <test-method is-config="true" signature="logoutFromSchoolManagementSystem()[pri:0, instance:org.testSchoolManagementSystem.testSchoolLeavingCertificate@7d0b7e3c]" started-at="2024-04-05T14:46:40 IST" name="logoutFromSchoolManagementSystem" finished-at="2024-04-05T14:47:12 IST" duration-ms="32382" status="PASS">
          <reporter-output>
          </reporter-output>
        </test-method> <!-- logoutFromSchoolManagementSystem -->
      </class> <!-- org.testSchoolManagementSystem.testSchoolLeavingCertificate -->
    </test> <!-- Default test -->
  </suite> <!-- Default suite -->
</testng-results>
